<?xml version="1.0" encoding="UTF-8"?>
<!-- Generated by org.testng.reporters.JUnitReportReporter -->
<testsuite hostname="DESKTOP-56LK4FI" failures="0" tests="1" name="com.inetbanking.testCases.TC_AddCustomerTest_003" time="14.092" errors="0" timestamp="09 Mar 2021 17:00:14 GMT" skipped="0">
  <testcase classname="com.inetbanking.testCases.TC_AddCustomerTest_003" name="addNewCustomer" time="14.092"/>
</testsuite> <!-- com.inetbanking.testCases.TC_AddCustomerTest_003 -->
