<?xml version="1.0" encoding="UTF-8"?>
<!-- Generated by org.testng.reporters.JUnitReportReporter -->
<testsuite hostname="DESKTOP-56LK4FI" failures="0" tests="1" name="com.inetbanking.testCases.TC_LoginTest_002" time="6.694" errors="0" timestamp="2021-03-02T16:12:29 EST" skipped="0">
  <testcase classname="com.inetbanking.testCases.TC_LoginTest_002" name="loginTest" time="6.694"/>
  <system-out/>
</testsuite> <!-- com.inetbanking.testCases.TC_LoginTest_002 -->
