<?xml version="1.0" encoding="UTF-8"?>
<!-- Generated by org.testng.reporters.JUnitReportReporter -->
<testsuite hostname="DESKTOP-56LK4FI" failures="0" tests="1" name="com.inetbanking.testCases.TC_AddCustomerTest_003" time="21.032" errors="0" timestamp="25 Mar 2021 18:11:24 GMT" skipped="0">
  <testcase classname="com.inetbanking.testCases.TC_AddCustomerTest_003" name="addNewCustomer" time="21.032"/>
</testsuite> <!-- com.inetbanking.testCases.TC_AddCustomerTest_003 -->
